# JRE version: OpenJDK Runtime Environment (11.0.13) (build 11.0.13+0-b1751.21-8125866)
# Java VM: OpenJDK 64-Bit Server VM (11.0.13+0-b1751.21-8125866, mixed mode, tiered, compressed oops, g1 gc, linux-amd64)
Heap:
 garbage-first heap   total 331776K, used 241122K [0x0000000080000000, 0x0000000100000000)
  region size 1024K, 39 young (39936K), 7 survivors (7168K)
 Metaspace       used 153976K, capacity 158556K, committed 159312K, reserved 1187840K
  class space    used 19186K, capacity 20840K, committed 21376K, reserved 1048576K
GC Heap History (20 events):
Event: 3859.427 GC heap before
{Heap before GC invocations=87 (full 0):
 garbage-first heap   total 331776K, used 183876K [0x0000000080000000, 0x0000000100000000)
  region size 1024K, 10 young (10240K), 2 survivors (2048K)
 Metaspace       used 140827K, capacity 144962K, committed 146256K, reserved 1175552K
  class space    used 17586K, capacity 19063K, committed 19840K, reserved 1048576K
}
Event: 3859.434 GC heap after
{Heap after GC invocations=88 (full 0):
 garbage-first heap   total 331776K, used 177278K [0x0000000080000000, 0x0000000100000000)
  region size 1024K, 3 young (3072K), 3 survivors (3072K)
 Metaspace       used 140827K, capacity 144962K, committed 146256K, reserved 1175552K
  class space    used 17586K, capacity 19063K, committed 19840K, reserved 1048576K
}
Event: 3860.737 GC heap before
{Heap before GC invocations=89 (full 0):
 garbage-first heap   total 331776K, used 247934K [0x0000000080000000, 0x0000000100000000)
  region size 1024K, 55 young (56320K), 3 survivors (3072K)
 Metaspace       used 142238K, capacity 146630K, committed 147792K, reserved 1177600K
  class space    used 17778K, capacity 19365K, committed 20096K, reserved 1048576K
}
Event: 3860.745 GC heap after
{Heap after GC invocations=90 (full 0):
 garbage-first heap   total 331776K, used 202362K [0x0000000080000000, 0x0000000100000000)
  region size 1024K, 7 young (7168K), 7 survivors (7168K)
 Metaspace       used 142238K, capacity 146630K, committed 147792K, reserved 1177600K
  class space    used 17778K, capacity 19365K, committed 20096K, reserved 1048576K
}
Event: 3860.774 GC heap before
{Heap before GC invocations=90 (full 0):
 garbage-first heap   total 331776K, used 211578K [0x0000000080000000, 0x0000000100000000)
  region size 1024K, 16 young (16384K), 7 survivors (7168K)
 Metaspace       used 142556K, capacity 146886K, committed 148048K, reserved 1177600K
  class space    used 17807K, capacity 19365K, committed 20096K, reserved 1048576K
}
Event: 3860.790 GC heap after
{Heap after GC invocations=91 (full 0):
 garbage-first heap   total 331776K, used 193069K [0x0000000080000000, 0x0000000100000000)
  region size 1024K, 1 young (1024K), 1 survivors (1024K)
 Metaspace       used 142556K, capacity 146886K, committed 148048K, reserved 1177600K
  class space    used 17807K, capacity 19365K, committed 20096K, reserved 1048576K
}
Event: 3861.283 GC heap before
{Heap before GC invocations=91 (full 0):
 garbage-first heap   total 331776K, used 244269K [0x0000000080000000, 0x0000000100000000)
  region size 1024K, 51 young (52224K), 1 survivors (1024K)
 Metaspace       used 144909K, capacity 149219K, committed 150096K, reserved 1179648K
  class space    used 18158K, capacity 19682K, committed 20352K, reserved 1048576K
}
Event: 3861.291 GC heap after
{Heap after GC invocations=92 (full 0):
 garbage-first heap   total 331776K, used 195181K [0x0000000080000000, 0x0000000100000000)
  region size 1024K, 3 young (3072K), 3 survivors (3072K)
 Metaspace       used 144909K, capacity 149219K, committed 150096K, reserved 1179648K
  class space    used 18158K, capacity 19682K, committed 20352K, reserved 1048576K
}
Event: 3861.883 GC heap before
{Heap before GC invocations=93 (full 0):
 garbage-first heap   total 331776K, used 250477K [0x0000000080000000, 0x0000000100000000)
  region size 1024K, 57 young (58368K), 3 survivors (3072K)
 Metaspace       used 147306K, capacity 151749K, committed 152528K, reserved 1181696K
  class space    used 18489K, capacity 20067K, committed 20736K, reserved 1048576K
}
Event: 3861.895 GC heap after
{Heap after GC invocations=94 (full 0):
 garbage-first heap   total 331776K, used 198358K [0x0000000080000000, 0x0000000100000000)
  region size 1024K, 6 young (6144K), 6 survivors (6144K)
 Metaspace       used 147306K, capacity 151749K, committed 152528K, reserved 1181696K
  class space    used 18489K, capacity 20067K, committed 20736K, reserved 1048576K
}
Event: 3861.920 GC heap before
{Heap before GC invocations=94 (full 0):
 garbage-first heap   total 331776K, used 208598K [0x0000000080000000, 0x0000000100000000)
  region size 1024K, 16 young (16384K), 6 survivors (6144K)
 Metaspace       used 147585K, capacity 152037K, committed 152784K, reserved 1181696K
  class space    used 18534K, capacity 20099K, committed 20736K, reserved 1048576K
}
Event: 3861.928 GC heap after
{Heap after GC invocations=95 (full 0):
 garbage-first heap   total 331776K, used 198539K [0x0000000080000000, 0x0000000100000000)
  region size 1024K, 1 young (1024K), 1 survivors (1024K)
 Metaspace       used 147585K, capacity 152037K, committed 152784K, reserved 1181696K
  class space    used 18534K, capacity 20099K, committed 20736K, reserved 1048576K
}
Event: 3862.030 GC heap before
{Heap before GC invocations=95 (full 0):
 garbage-first heap   total 331776K, used 208779K [0x0000000080000000, 0x0000000100000000)
  region size 1024K, 12 young (12288K), 1 survivors (1024K)
 Metaspace       used 148339K, capacity 152779K, committed 153680K, reserved 1181696K
  class space    used 18614K, capacity 20196K, committed 20864K, reserved 1048576K
}
Event: 3862.035 GC heap after
{Heap after GC invocations=96 (full 0):
 garbage-first heap   total 331776K, used 198670K [0x0000000080000000, 0x0000000100000000)
  region size 1024K, 1 young (1024K), 1 survivors (1024K)
 Metaspace       used 148339K, capacity 152779K, committed 153680K, reserved 1181696K
  class space    used 18614K, capacity 20196K, committed 20864K, reserved 1048576K
}
Event: 3862.974 GC heap before
{Heap before GC invocations=97 (full 0):
 garbage-first heap   total 331776K, used 262158K [0x0000000080000000, 0x0000000100000000)
  region size 1024K, 63 young (64512K), 1 survivors (1024K)
 Metaspace       used 152153K, capacity 156588K, committed 157392K, reserved 1185792K
  class space    used 18970K, capacity 20589K, committed 21248K, reserved 1048576K
}
Event: 3862.983 GC heap after
{Heap after GC invocations=98 (full 0):
 garbage-first heap   total 331776K, used 203672K [0x0000000080000000, 0x0000000100000000)
  region size 1024K, 6 young (6144K), 6 survivors (6144K)
 Metaspace       used 152153K, capacity 156588K, committed 157392K, reserved 1185792K
  class space    used 18970K, capacity 20589K, committed 21248K, reserved 1048576K
}
Event: 3863.435 GC heap before
{Heap before GC invocations=98 (full 0):
 garbage-first heap   total 331776K, used 266136K [0x0000000080000000, 0x0000000100000000)
  region size 1024K, 68 young (69632K), 6 survivors (6144K)
 Metaspace       used 152867K, capacity 157341K, committed 157904K, reserved 1185792K
  class space    used 19051K, capacity 20686K, committed 21248K, reserved 1048576K
}
Event: 3863.452 GC heap after
{Heap after GC invocations=99 (full 0):
 garbage-first heap   total 331776K, used 208019K [0x0000000080000000, 0x0000000100000000)
  region size 1024K, 5 young (5120K), 5 survivors (5120K)
 Metaspace       used 152867K, capacity 157341K, committed 157904K, reserved 1185792K
  class space    used 19051K, capacity 20686K, committed 21248K, reserved 1048576K
}
Event: 4322.817 GC heap before
{Heap before GC invocations=100 (full 0):
 garbage-first heap   total 331776K, used 270483K [0x0000000080000000, 0x0000000100000000)
  region size 1024K, 67 young (68608K), 5 survivors (5120K)
 Metaspace       used 153945K, capacity 158555K, committed 159312K, reserved 1187840K
  class space    used 19186K, capacity 20840K, committed 21376K, reserved 1048576K
}
Event: 4322.829 GC heap after
{Heap after GC invocations=101 (full 0):
 garbage-first heap   total 331776K, used 210402K [0x0000000080000000, 0x0000000100000000)
  region size 1024K, 7 young (7168K), 7 survivors (7168K)
 Metaspace       used 153945K, capacity 158555K, committed 159312K, reserved 1187840K
  class space    used 19186K, capacity 20840K, committed 21376K, reserved 1048576K
}

